TGTX | 2025-08-04 | LOWER_2: 31.38 | O:32.14 H:32.20 L:28.28 C:29.30
TGTX | 2025-08-04 | LOWER_3: 29.11 | O:32.14 H:32.20 L:28.28 C:29.30
RDDT | 2025-08-01 | UPPER_2: 178.39 | O:182.00 H:196.68 L:177.77 C:188.64
RDDT | 2025-08-04 | UPPER_3: 201.83 | O:191.70 H:203.30 L:188.98 C:200.51
ANF | 2025-08-04 | UPPER_1: 94.81 | O:92.43 H:99.02 L:92.14 C:98.92
AEM | 2025-08-04 | UPPER_2: 129.53 | O:127.19 H:131.25 L:126.93 C:130.82
JNJ | 2025-08-01 | VWAP: 165.78 | O:165.47 H:167.62 L:164.79 C:167.33
JNJ | 2025-08-04 | UPPER_1: 167.97 | O:167.03 H:170.50 L:166.64 C:170.49
JNJ | 2025-08-04 | UPPER_2: 170.16 | O:167.03 H:170.50 L:166.64 C:170.49
JOBY | 2025-08-04 | UPPER_2: 20.11 | O:18.38 H:20.95 L:18.27 C:20.55
WMT | 2025-08-01 | UPPER_1: 98.15 | O:97.75 H:98.83 L:97.67 C:98.49
WMT | 2025-08-04 | UPPER_2: 99.50 | O:98.20 H:99.80 L:98.20 C:99.45
Z | 2025-08-04 | UPPER_2: 81.92 | O:81.17 H:83.50 L:80.58 C:83.50
APP | 2025-08-01 | UPPER_1: 383.92 | O:377.46 H:385.92 L:366.47 C:379.17
APP | 2025-08-04 | UPPER_1: 383.92 | O:383.01 H:393.80 L:368.18 C:393.09
U | 2025-08-01 | UPPER_1: 31.67 | O:32.00 H:32.44 L:30.98 C:31.83
NLY | 2025-08-01 | LOWER_1: 20.44 | O:20.35 H:20.56 L:20.21 C:20.51
NLY | 2025-08-01 | LOWER_2: 20.31 | O:20.35 H:20.56 L:20.21 C:20.51
NLY | 2025-08-04 | VWAP: 20.58 | O:20.60 H:20.94 L:20.55 C:20.81
NLY | 2025-08-04 | UPPER_1: 20.71 | O:20.60 H:20.94 L:20.55 C:20.81
NLY | 2025-08-04 | UPPER_2: 20.85 | O:20.60 H:20.94 L:20.55 C:20.81
VST | 2025-08-04 | UPPER_2: 215.02 | O:210.55 H:215.13 L:208.28 C:213.92
EA | 2025-08-01 | VWAP: 151.54 | O:152.82 H:157.75 L:151.50 C:157.08
EA | 2025-08-01 | UPPER_1: 155.32 | O:152.82 H:157.75 L:151.50 C:157.08
EA | 2025-08-04 | UPPER_2: 159.10 | O:156.77 H:160.32 L:156.37 C:159.61
GOOGL | 2025-08-01 | LOWER_2: 190.09 | O:189.03 H:190.83 L:187.82 C:189.13
GOOGL | 2025-08-01 | LOWER_3: 188.58 | O:189.03 H:190.83 L:187.82 C:189.13
NG | 2025-08-04 | UPPER_1: 5.47 | O:5.41 H:5.59 L:5.39 C:5.46
NEM | 2025-08-01 | VWAP: 63.61 | O:63.66 H:63.78 L:61.83 C:62.59
NEM | 2025-08-01 | LOWER_1: 62.83 | O:63.66 H:63.78 L:61.83 C:62.59
NEM | 2025-08-01 | LOWER_2: 62.05 | O:63.66 H:63.78 L:61.83 C:62.59
NEM | 2025-08-04 | VWAP: 63.61 | O:63.15 H:65.31 L:63.13 C:65.25
NEM | 2025-08-04 | UPPER_1: 64.39 | O:63.15 H:65.31 L:63.13 C:65.25
NEM | 2025-08-04 | UPPER_2: 65.17 | O:63.15 H:65.31 L:63.13 C:65.25
GE | 2025-08-04 | UPPER_2: 273.86 | O:270.50 H:276.34 L:270.22 C:275.78
KTOS | 2025-08-01 | UPPER_1: 54.75 | O:56.35 H:57.66 L:54.50 C:56.71
▼ TGTX | close 29.30 between 2σ(31.38) and 3σ(29.11)
▲ RDDT | close 200.51 between 2σ(178.39) and 3σ(201.83)
▲ AEM | close 130.82 between 2σ(129.53) and 3σ(135.33)
▲ JNJ | close 170.49 between 2σ(170.16) and 3σ(172.35)
▲ JOBY | close 20.55 between 2σ(20.11) and 3σ(24.13)
▲ Z | close 83.50 between 2σ(81.92) and 3σ(86.77)
▲ EA | close 159.61 between 2σ(159.10) and 3σ(162.88)
▲ NEM | close 65.25 between 2σ(65.17) and 3σ(65.95)
▲ GE | close 275.78 between 2σ(273.86) and 3σ(277.55)
